[
  {
    "exp_name": "phase1_emb35",
    "status": "failed",
    "elapsed_seconds": 1.494675874710083,
    "error": "Command '['/home/ubuntu/stellux/validation/parameter-allocation-experiments/venv/bin/python', 'run_experiment.py', '--config', 'configs/phase1_embedding_sweep.yaml', '--exp', 'phase1_emb35', '--verbose']' returned non-zero exit status 2.",
    "stdout": "",
    "stderr": "usage: run_experiment.py [-h] --config CONFIG [--exp EXP]\n                         [--mode {train,eval,both}] [--checkpoint CHECKPOINT]\n                         [--log-dir LOG_DIR] [--device DEVICE] [--lr-find]\n                         [--overfit-tokens OVERFIT_TOKENS]\nrun_experiment.py: error: unrecognized arguments: --verbose\n"
  },
  {
    "exp_name": "phase1_emb25",
    "status": "failed",
    "elapsed_seconds": 1.5251176357269287,
    "error": "Command '['/home/ubuntu/stellux/validation/parameter-allocation-experiments/venv/bin/python', 'run_experiment.py', '--config', 'configs/phase1_embedding_sweep.yaml', '--exp', 'phase1_emb25', '--verbose']' returned non-zero exit status 2.",
    "stdout": "",
    "stderr": "usage: run_experiment.py [-h] --config CONFIG [--exp EXP]\n                         [--mode {train,eval,both}] [--checkpoint CHECKPOINT]\n                         [--log-dir LOG_DIR] [--device DEVICE] [--lr-find]\n                         [--overfit-tokens OVERFIT_TOKENS]\nrun_experiment.py: error: unrecognized arguments: --verbose\n"
  },
  {
    "exp_name": "phase1_emb45",
    "status": "failed",
    "elapsed_seconds": 1.5148718357086182,
    "error": "Command '['/home/ubuntu/stellux/validation/parameter-allocation-experiments/venv/bin/python', 'run_experiment.py', '--config', 'configs/phase1_embedding_sweep.yaml', '--exp', 'phase1_emb45', '--verbose']' returned non-zero exit status 2.",
    "stdout": "",
    "stderr": "usage: run_experiment.py [-h] --config CONFIG [--exp EXP]\n                         [--mode {train,eval,both}] [--checkpoint CHECKPOINT]\n                         [--log-dir LOG_DIR] [--device DEVICE] [--lr-find]\n                         [--overfit-tokens OVERFIT_TOKENS]\nrun_experiment.py: error: unrecognized arguments: --verbose\n"
  }
]